A D/Ig2DBrowser////
A D/Ig2DModel////
A D/Ig2DView////
A D/Ig2DWindow////
A D/Ig3DBaseBrowser////
A D/Ig3DBaseModel////
A D/Ig3DBaseWindow////
A D/Ig3DBrowser////
A D/Ig3DCategories////
A D/Ig3DControls////
A D/Ig3DExtensions////
A D/Ig3DMaterialEditor////
A D/Ig3DModel////
A D/Ig3DSystem////
A D/Ig3DView////
A D/Ig3DWindow////
A D/IgClarensClient////
A D/IgCommon3DReps////
A D/IgCommonData////
A D/IgCommonHistoReps////
A D/IgCommonOps////
A D/IgConfig////
A D/IgControlCentre////
A D/IgFileProxy////
A D/IgG4Core////
A D/IgG4Fields////
A D/IgG4Transients////
A D/IgG4Volumes////
A D/IgGeant4////
A D/IgHistoBrowser////
A D/IgHistoModel////
A D/IgHistoView////
A D/IgIVView////
A D/IgLegoBrowser////
A D/IgLegoModel////
A D/IgLegoView////
A D/IgLegoWindow////
A D/IgNTupleApp////
A D/IgNTupleModel////
A D/IgOIVBrowser////
A D/IgPython////
A D/IgQtBrowser////
A D/IgQtProfileService////
A D/IgQtPython////
A D/IgQtText////
A D/IgQtTextBrowser////
A D/IgQtTree////
A D/IgQtTreeBrowser////
A D/IgQtTwigBrowser////
A D/IgRPhiBrowser////
A D/IgRPhiModel////
A D/IgRPhiWindow////
A D/IgRSS////
A D/IgRZBrowser////
A D/IgRZModel////
A D/IgRZWindow////
A D/IgSoReaderAppDriver////
A D/IgSoViewerAppDriver////
A D/IgSocketDriver////
A D/IgStudio////
A D/IgTableModel////
A D/IgTemplateModel////
A D/IgTextModel////
A D/IgTreeModel////
A D/IgVis////
A D/IgWeb2D////
A D/IgWeb3D////
A D/IgWebLego////
A D/IgWebRPhi////
A D/IgWebRZ////
A D/IgWebStudio////
A D/IgWebTree////
A D/IgXMLModel////
A D/domain////
